<!DOCTYPE html PUBLIC "-//W3C//DTD XHTML 1.1//EN" "http://www.w3.org/TR/xhtml11/DTD/xhtml11.dtd">
<html xmlns="http://www.w3.org/1999/xhtml"><head><title>TestNG Report</title><style type="text/css">table {margin-bottom:10px;border-collapse:collapse;empty-cells:show}th,td {border:1px solid #009;padding:.25em .5em}th {vertical-align:bottom}td {vertical-align:top}table a {font-weight:bold}.stripe td {background-color: #E6EBF9}.num {text-align:right}.passedodd td {background-color: #3F3}.passedeven td {background-color: #0A0}.skippedodd td {background-color: #DDD}.skippedeven td {background-color: #CCC}.failedodd td,.attn {background-color: #F33}.failedeven td,.stripe .attn {background-color: #D00}.stacktrace {white-space:pre;font-family:monospace}.totop {font-size:85%;text-align:center;border-bottom:2px solid #000}</style></head><body><table><tr><th>Test</th><th># Passed</th><th># Skipped</th><th># Failed</th><th>Time (ms)</th><th>Included Groups</th><th>Excluded Groups</th></tr><tr><th colspan="7">Command line suite</th></tr><tr><td><a href="#t0">Command line test</a></td><td class="num">5</td><td class="num">0</td><td class="num attn">3</td><td class="num">128,394</td><td></td><td></td></tr></table><table id='summary'><thead><tr><th>Class</th><th>Method</th><th>Start</th><th>Time (ms)</th></tr></thead><tbody><tr><th colspan="4">Command line suite</th></tr></tbody><tbody id="t0"><tr><th colspan="4">Command line test &#8212; failed</th></tr><tr class="failedeven"><td rowspan="1">Tests.AddEntityTest</td><td><a href="#m0">testAddEntity</a></td><td rowspan="1">1512186238576</td><td rowspan="1">46853</td></tr><tr class="failedodd"><td rowspan="1">Tests.TestOpenProfilePanel</td><td><a href="#m1">testProfilePanelIsVisible</a></td><td rowspan="1">1512186309092</td><td rowspan="1">12575</td></tr><tr class="failedeven"><td rowspan="1">Tests.TestRegularUser</td><td><a href="#m2">regUserTest</a></td><td rowspan="1">1512186290513</td><td rowspan="1">4864</td></tr><tr><th colspan="4">Command line test &#8212; passed</th></tr><tr class="passedeven"><td rowspan="1">Tests.AddEntityTest</td><td><a href="#m3">testLogin</a></td><td rowspan="1">1512186232569</td><td rowspan="1">6003</td></tr><tr class="passedodd"><td rowspan="2">Tests.AddReportTest</td><td><a href="#m4">testAddReport</a></td><td rowspan="1">1512186332517</td><td rowspan="1">20548</td></tr><tr class="passedodd"><td><a href="#m5">testLogin</a></td><td rowspan="1">1512186326646</td><td rowspan="1">5871</td></tr><tr class="passedeven"><td rowspan="2">Tests.TestOpenProfilePanel</td><td><a href="#m6">testIconsChangeColor</a></td><td rowspan="1">1512186305920</td><td rowspan="1">3172</td></tr><tr class="passedeven"><td><a href="#m7">testLogin</a></td><td rowspan="1">1512186299919</td><td rowspan="1">6001</td></tr></tbody></table><h2>Command line test</h2><h3 id="m0">Tests.AddEntityTest#testAddEntity</h3><table class="result"><tr class="param"><th>Parameter #1</th><th>Parameter #2</th><th>Parameter #3</th><th>Parameter #4</th><th>Parameter #5</th><th>Parameter #6</th><th>Parameter #7</th><th>Parameter #8</th><th>Parameter #9</th><th>Parameter #10</th></tr><tr class="param stripe"><td>krtggdyv</td><td>United States</td><td>870 tVgIB Str.</td><td>qcljt</td><td>Vermont</td><td>73442</td><td>6758711212</td><td>HfhgnTYU@cars2.club</td><td>QUWNUrPZ@cars2.club</td><td>iDMdJccV@cars2.club</td></tr><tr><th colspan="10">Exception</th></tr><tr><td colspan="10"><div class="stacktrace">org.openqa.selenium.NoSuchElementException: no such element: Unable to locate element: {&quot;method&quot;:&quot;xpath&quot;,&quot;selector&quot;:&quot;//input[@value=&apos;Pay with my PayPal account&apos;]&quot;}
  (Session info: chrome=62.0.3202.94)
  (Driver info: chromedriver=2.30.477700 (0057494ad8732195794a7b32078424f92a5fce41),platform=Windows NT 10.0.16299 x86_64) (WARNING: The server did not provide any stacktrace information)
Command duration or timeout: 0 milliseconds
For documentation on this error, please visit: http://seleniumhq.org/exceptions/no_such_element.html
Build info: version: &apos;3.7.1&apos;, revision: &apos;8a0099a&apos;, time: &apos;2017-11-06T21:01:39.354Z&apos;
System info: host: &apos;DESKTOP-L24670T&apos;, ip: &apos;192.168.1.207&apos;, os.name: &apos;Windows 10&apos;, os.arch: &apos;amd64&apos;, os.version: &apos;10.0&apos;, java.version: &apos;1.8.0_152&apos;
Driver info: org.openqa.selenium.chrome.ChromeDriver
Capabilities {acceptSslCerts: true, applicationCacheEnabled: false, browserConnectionEnabled: false, browserName: chrome, chrome: {chromedriverVersion: 2.30.477700 (0057494ad87321..., userDataDir: C:\Users\mcovi\AppData\Loca...}, cssSelectorsEnabled: true, databaseEnabled: false, handlesAlerts: true, hasTouchScreen: false, javascriptEnabled: true, locationContextEnabled: true, mobileEmulationEnabled: false, nativeEvents: true, networkConnectionEnabled: false, pageLoadStrategy: normal, platform: XP, platformName: XP, rotatable: false, takesHeapSnapshot: true, takesScreenshot: true, unexpectedAlertBehaviour: , unhandledPromptBehavior: , version: 62.0.3202.94, webStorageEnabled: true}
Session ID: 72fd2edf0fcf802923c89e30e530d5ea
*** Element info: {Using=xpath, value=//input[@value=&apos;Pay with my PayPal account&apos;]}
	at org.openqa.selenium.remote.ErrorHandler.createThrowable(ErrorHandler.java:214)
	at org.openqa.selenium.remote.ErrorHandler.throwIfResponseFailed(ErrorHandler.java:166)
	at org.openqa.selenium.remote.http.JsonHttpResponseCodec.reconstructValue(JsonHttpResponseCodec.java:40)
	at org.openqa.selenium.remote.http.AbstractHttpResponseCodec.decode(AbstractHttpResponseCodec.java:80)
	at org.openqa.selenium.remote.http.AbstractHttpResponseCodec.decode(AbstractHttpResponseCodec.java:44)
	at org.openqa.selenium.remote.HttpCommandExecutor.execute(HttpCommandExecutor.java:164)
	at org.openqa.selenium.remote.service.DriverCommandExecutor.execute(DriverCommandExecutor.java:83)
	at org.openqa.selenium.remote.RemoteWebDriver.execute(RemoteWebDriver.java:600)
	at org.openqa.selenium.remote.RemoteWebDriver.findElement(RemoteWebDriver.java:370)
	at org.openqa.selenium.remote.RemoteWebDriver.findElementByXPath(RemoteWebDriver.java:472)
	at org.openqa.selenium.By$ByXPath.findElement(By.java:361)
	at org.openqa.selenium.remote.RemoteWebDriver.findElement(RemoteWebDriver.java:362)
	at Pages.PaypalPage.paypalSwitchAndPay(PaypalPage.java:11)
	at Tests.AddEntityTest.testAddEntity(AddEntityTest.java:44)
	at org.codehaus.mojo.exec.ExecJavaMojo$1.run(ExecJavaMojo.java:282)
	at java.lang.Thread.run(Thread.java:748)
... Removed 32 stack frames</div></td></tr></table><p class="totop"><a href="#summary">back to summary</a></p><h3 id="m1">Tests.TestOpenProfilePanel#testProfilePanelIsVisible</h3><table class="result"><tr><th>Exception</th></tr><tr><td><div class="stacktrace">org.openqa.selenium.TimeoutException: Expected condition failed: waiting for visibility of [[ChromeDriver: chrome on XP (e364d9d82237d0d8681577dbfe11f65a)] -&gt; xpath: //nav[@class= &apos;ng-scope&apos;]] (tried for 10 second(s) with 500 MILLISECONDS interval)
Build info: version: &apos;3.7.1&apos;, revision: &apos;8a0099a&apos;, time: &apos;2017-11-06T21:01:39.354Z&apos;
System info: host: &apos;DESKTOP-L24670T&apos;, ip: &apos;192.168.1.207&apos;, os.name: &apos;Windows 10&apos;, os.arch: &apos;amd64&apos;, os.version: &apos;10.0&apos;, java.version: &apos;1.8.0_152&apos;
Driver info: org.openqa.selenium.chrome.ChromeDriver
Capabilities {acceptSslCerts: true, applicationCacheEnabled: false, browserConnectionEnabled: false, browserName: chrome, chrome: {chromedriverVersion: 2.30.477700 (0057494ad87321..., userDataDir: C:\Users\mcovi\AppData\Loca...}, cssSelectorsEnabled: true, databaseEnabled: false, handlesAlerts: true, hasTouchScreen: false, javascriptEnabled: true, locationContextEnabled: true, mobileEmulationEnabled: false, nativeEvents: true, networkConnectionEnabled: false, pageLoadStrategy: normal, platform: XP, platformName: XP, rotatable: false, takesHeapSnapshot: true, takesScreenshot: true, unexpectedAlertBehaviour: , unhandledPromptBehavior: , version: 62.0.3202.94, webStorageEnabled: true}
Session ID: e364d9d82237d0d8681577dbfe11f65a
	at org.openqa.selenium.support.ui.WebDriverWait.timeoutException(WebDriverWait.java:82)
	at org.openqa.selenium.support.ui.FluentWait.until(FluentWait.java:231)
	at Pages.ProfilePanelPage.getProfilePanelDisplayed(ProfilePanelPage.java:47)
	at Tests.TestOpenProfilePanel.testProfilePanelIsVisible(TestOpenProfilePanel.java:25)
	at org.codehaus.mojo.exec.ExecJavaMojo$1.run(ExecJavaMojo.java:282)
	at java.lang.Thread.run(Thread.java:748)
... Removed 28 stack frames</div></td></tr></table><p class="totop"><a href="#summary">back to summary</a></p><h3 id="m2">Tests.TestRegularUser#regUserTest</h3><table class="result"><tr class="param"><th>Parameter #1</th><th>Parameter #2</th></tr><tr class="param stripe"><td>client4@amail.club</td><td>client4</td></tr><tr><th colspan="2">Exception</th></tr><tr><td colspan="2"><div class="stacktrace">java.lang.AssertionError: expected [true] but found [false]
	at Tests.TestRegularUser.regUserTest(TestRegularUser.java:24)
	at org.codehaus.mojo.exec.ExecJavaMojo$1.run(ExecJavaMojo.java:282)
	at java.lang.Thread.run(Thread.java:748)
... Removed 32 stack frames</div></td></tr></table><p class="totop"><a href="#summary">back to summary</a></p><h3 id="m3">Tests.AddEntityTest#testLogin</h3><table class="result"><tr class="param"><th>Parameter #1</th><th>Parameter #2</th></tr><tr class="param stripe"><td>buquxahu@cars2.club</td><td>kisulea</td></tr></table><p class="totop"><a href="#summary">back to summary</a></p><h3 id="m4">Tests.AddReportTest#testAddReport</h3><table class="result"><tr class="param"><th>Parameter #1</th><th>Parameter #2</th><th>Parameter #3</th><th>Parameter #4</th><th>Parameter #5</th><th>Parameter #6</th><th>Parameter #7</th><th>Parameter #8</th><th>Parameter #9</th><th>Parameter #10</th><th>Parameter #11</th><th>Parameter #12</th><th>Parameter #13</th><th>Parameter #14</th><th>Parameter #15</th><th>Parameter #16</th><th>Parameter #17</th><th>Parameter #18</th><th>Parameter #19</th><th>Parameter #20</th><th>Parameter #21</th><th>Parameter #22</th><th>Parameter #23</th><th>Parameter #24</th><th>Parameter #25</th><th>Parameter #26</th><th>Parameter #27</th><th>Parameter #28</th><th>Parameter #29</th><th>Parameter #30</th><th>Parameter #31</th><th>Parameter #32</th><th>Parameter #33</th><th>Parameter #34</th><th>Parameter #35</th><th>Parameter #36</th><th>Parameter #37</th><th>Parameter #38</th><th>Parameter #39</th><th>Parameter #40</th><th>Parameter #41</th><th>Parameter #42</th><th>Parameter #43</th><th>Parameter #44</th><th>Parameter #45</th><th>Parameter #46</th><th>Parameter #47</th><th>Parameter #48</th><th>Parameter #49</th><th>Parameter #50</th><th>Parameter #51</th><th>Parameter #52</th></tr><tr class="param stripe"><td>148</td><td>Suspect</td><td>unjpaoi</td><td>eclvuv</td><td>r</td><td>ucl</td><td>04271992</td><td>M</td><td>Unknown</td><td>604</td><td>1500</td><td>BLO</td><td>Short</td><td>Afro</td><td>BLU</td><td>Medium</td><td>Missing</td><td>Right</td><td>English</td><td>060 jfvqdfdp</td><td>US</td><td>btpxs</td><td>NJ</td><td>30638</td><td>3386620549</td><td>ryxRROwL@cars2.club</td><td>572724363</td><td>F255-921-50-094-0</td><td>CA</td><td>RO 29587</td><td>RO</td><td>EAxWCm</td><td>Passport</td><td>broywfjk</td><td>959 kuedrmje</td><td>RtBWz</td><td>CA</td><td>87159</td><td>2833870683</td><td>brgbhzpi</td><td>469 abmerfsn</td><td>cdcLe</td><td>CA</td><td>51685</td><td>9580740589</td><td>rvdwpseo</td><td>kpnrfplq</td><td>591 qnqehbcw</td><td>hsNoo</td><td>NJ</td><td>08214</td><td>7519880225</td></tr></table><p class="totop"><a href="#summary">back to summary</a></p><h3 id="m5">Tests.AddReportTest#testLogin</h3><table class="result"><tr class="param"><th>Parameter #1</th><th>Parameter #2</th></tr><tr class="param stripe"><td>buquxahu@cars2.club</td><td>kisulea</td></tr></table><p class="totop"><a href="#summary">back to summary</a></p><h3 id="m6">Tests.TestOpenProfilePanel#testIconsChangeColor</h3><table class="result"></table><p class="totop"><a href="#summary">back to summary</a></p><h3 id="m7">Tests.TestOpenProfilePanel#testLogin</h3><table class="result"><tr class="param"><th>Parameter #1</th><th>Parameter #2</th></tr><tr class="param stripe"><td>buquxahu@cars2.club</td><td>kisulea</td></tr></table><p class="totop"><a href="#summary">back to summary</a></p></body></html>