<?xml version="1.0" encoding="UTF-8"?>
<testng-results skipped="0" failed="1" ignored="1" total="4" passed="2">
  <reporter-output>
  </reporter-output>
  <suite name="Command line suite" duration-ms="89060" started-at="2017-12-18T18:57:16Z" finished-at="2017-12-18T18:58:45Z">
    <groups>
      <group name="regression">
        <method signature="LoginTest.testLogin(java.lang.String, java.lang.String)[pri:0, instance:testsWithTestNG.ChangeNameTest@3a565084]" name="testLogin" class="testsWithTestNG.LoginTest"/>
        <method signature="ChangeNameTest.testChangeName(java.lang.String)[pri:0, instance:testsWithTestNG.ChangeNameTest@3a565084]" name="testChangeName" class="testsWithTestNG.ChangeNameTest"/>
        <method signature="BaseTest.assertLogo()[pri:0, instance:testsWithTestNG.ChangeNameTest@3a565084]" name="assertLogo" class="testsWithTestNG.BaseTest"/>
      </group> <!-- regression -->
    </groups>
    <test name="Command line test" duration-ms="89060" started-at="2017-12-18T18:57:16Z" finished-at="2017-12-18T18:58:45Z">
      <class name="testsWithTestNG.ChangeNameTest">
        <test-method status="PASS" signature="baseBeforeClass()[pri:0, instance:testsWithTestNG.ChangeNameTest@3a565084]" name="baseBeforeClass" is-config="true" duration-ms="49338" started-at="2017-12-18T10:57:16Z" finished-at="2017-12-18T10:58:05Z">
          <reporter-output>
          </reporter-output>
        </test-method> <!-- baseBeforeClass -->
        <test-method status="PASS" signature="testLogin(java.lang.String, java.lang.String)[pri:0, instance:testsWithTestNG.ChangeNameTest@3a565084]" name="testLogin" duration-ms="7056" started-at="2017-12-18T10:58:05Z" data-provider="usernamePassword" finished-at="2017-12-18T10:58:12Z">
          <params>
            <param index="0">
              <value>
                <![CDATA[buquxahu@cars2.club]]>
              </value>
            </param>
            <param index="1">
              <value>
                <![CDATA[kisulea]]>
              </value>
            </param>
          </params>
          <reporter-output>
          </reporter-output>
        </test-method> <!-- testLogin -->
        <test-method status="FAIL" signature="assertLogo()[pri:0, instance:testsWithTestNG.ChangeNameTest@3a565084]" name="assertLogo" duration-ms="30156" started-at="2017-12-18T10:58:12Z" finished-at="2017-12-18T10:58:42Z">
          <exception class="org.openqa.selenium.TimeoutException">
            <message>
              <![CDATA[Expected condition failed: waiting for visibility of Proxy element for: DefaultElementLocator 'By.xpath: /html/body/div[2]/div/div/div[1]/div[1]/a/img' (tried for 10 second(s) with 500 MILLISECONDS interval)]]>
            </message>
            <full-stacktrace>
              <![CDATA[org.openqa.selenium.TimeoutException: Expected condition failed: waiting for visibility of Proxy element for: DefaultElementLocator 'By.xpath: /html/body/div[2]/div/div/div[1]/div[1]/a/img' (tried for 10 second(s) with 500 MILLISECONDS interval)
	at org.openqa.selenium.support.ui.WebDriverWait.timeoutException(WebDriverWait.java:82)
	at org.openqa.selenium.support.ui.FluentWait.until(FluentWait.java:231)
	at pages.LoginPage.getLogo(LoginPage.java:29)
	at testsWithTestNG.BaseTest.assertLogo(BaseTest.java:41)
	at sun.reflect.NativeMethodAccessorImpl.invoke0(Native Method)
	at sun.reflect.NativeMethodAccessorImpl.invoke(NativeMethodAccessorImpl.java:62)
	at sun.reflect.DelegatingMethodAccessorImpl.invoke(DelegatingMethodAccessorImpl.java:43)
	at java.lang.reflect.Method.invoke(Method.java:498)
	at org.testng.internal.MethodInvocationHelper.invokeMethod(MethodInvocationHelper.java:108)
	at org.testng.internal.Invoker.invokeMethod(Invoker.java:661)
	at org.testng.internal.Invoker.invokeTestMethod(Invoker.java:869)
	at org.testng.internal.Invoker.invokeTestMethods(Invoker.java:1193)
	at org.testng.internal.TestMethodWorker.invokeTestMethods(TestMethodWorker.java:126)
	at org.testng.internal.TestMethodWorker.run(TestMethodWorker.java:109)
	at org.testng.TestRunner.privateRun(TestRunner.java:744)
	at org.testng.TestRunner.run(TestRunner.java:602)
	at org.testng.SuiteRunner.runTest(SuiteRunner.java:380)
	at org.testng.SuiteRunner.runSequentially(SuiteRunner.java:375)
	at org.testng.SuiteRunner.privateRun(SuiteRunner.java:340)
	at org.testng.SuiteRunner.run(SuiteRunner.java:289)
	at org.testng.SuiteRunnerWorker.runSuite(SuiteRunnerWorker.java:52)
	at org.testng.SuiteRunnerWorker.run(SuiteRunnerWorker.java:86)
	at org.testng.TestNG.runSuitesSequentially(TestNG.java:1301)
	at org.testng.TestNG.runSuitesLocally(TestNG.java:1226)
	at org.testng.TestNG.runSuites(TestNG.java:1144)
	at org.testng.TestNG.run(TestNG.java:1115)
	at org.testng.TestNG.privateMain(TestNG.java:1442)
	at org.testng.TestNG.main(TestNG.java:1411)
	at sun.reflect.NativeMethodAccessorImpl.invoke0(Native Method)
	at sun.reflect.NativeMethodAccessorImpl.invoke(NativeMethodAccessorImpl.java:62)
	at sun.reflect.DelegatingMethodAccessorImpl.invoke(DelegatingMethodAccessorImpl.java:43)
	at java.lang.reflect.Method.invoke(Method.java:498)
	at org.codehaus.mojo.exec.ExecJavaMojo$1.run(ExecJavaMojo.java:282)
	at java.lang.Thread.run(Thread.java:748)
Caused by: org.openqa.selenium.NoSuchElementException: Unable to locate element: /html/body/div[2]/div/div/div[1]/div[1]/a/img
For documentation on this error, please visit: http://seleniumhq.org/exceptions/no_such_element.html
Build info: version: '3.7.0', revision: '2321c73', time: '2017-11-02T22:22:35.584Z'
System info: host: 'DESKTOP-L24670T', ip: '192.168.1.207', os.name: 'Windows 10', os.arch: 'amd64', os.version: '10.0', java.version: '1.8.0_152'
Driver info: org.openqa.selenium.firefox.FirefoxDriver
Capabilities {acceptInsecureCerts: true, browserName: firefox, browserVersion: 56.0, javascriptEnabled: true, moz:accessibilityChecks: false, moz:headless: false, moz:processID: 8128, moz:profile: C:\Users\mcovi\AppData\Loca..., pageLoadStrategy: normal, platform: XP, platformName: XP, platformVersion: 10.0, rotatable: false, specificationLevel: 0, timeouts: {implicit: 0, pageLoad: 300000, script: 30000}}
Session ID: 9b112d68-0c2a-4ef9-a550-acfbf6136895
*** Element info: {Using=xpath, value=/html/body/div[2]/div/div/div[1]/div[1]/a/img}
	at sun.reflect.NativeConstructorAccessorImpl.newInstance0(Native Method)
	at sun.reflect.NativeConstructorAccessorImpl.newInstance(NativeConstructorAccessorImpl.java:62)
	at sun.reflect.DelegatingConstructorAccessorImpl.newInstance(DelegatingConstructorAccessorImpl.java:45)
	at java.lang.reflect.Constructor.newInstance(Constructor.java:423)
	at org.openqa.selenium.remote.http.W3CHttpResponseCodec.createException(W3CHttpResponseCodec.java:187)
	at org.openqa.selenium.remote.http.W3CHttpResponseCodec.decode(W3CHttpResponseCodec.java:122)
	at org.openqa.selenium.remote.http.W3CHttpResponseCodec.decode(W3CHttpResponseCodec.java:49)
	at org.openqa.selenium.remote.HttpCommandExecutor.execute(HttpCommandExecutor.java:164)
	at org.openqa.selenium.remote.service.DriverCommandExecutor.execute(DriverCommandExecutor.java:83)
	at org.openqa.selenium.remote.RemoteWebDriver.execute(RemoteWebDriver.java:600)
	at org.openqa.selenium.remote.RemoteWebDriver.findElement(RemoteWebDriver.java:370)
	at org.openqa.selenium.remote.RemoteWebDriver.findElementByXPath(RemoteWebDriver.java:472)
	at org.openqa.selenium.By$ByXPath.findElement(By.java:361)
	at org.openqa.selenium.remote.RemoteWebDriver.findElement(RemoteWebDriver.java:362)
	at org.openqa.selenium.support.pagefactory.DefaultElementLocator.findElement(DefaultElementLocator.java:69)
	at org.openqa.selenium.support.pagefactory.internal.LocatingElementHandler.invoke(LocatingElementHandler.java:38)
	at com.sun.proxy.$Proxy31.isDisplayed(Unknown Source)
	at org.openqa.selenium.support.ui.ExpectedConditions.elementIfVisible(ExpectedConditions.java:301)
	at org.openqa.selenium.support.ui.ExpectedConditions.access$100(ExpectedConditions.java:43)
	at org.openqa.selenium.support.ui.ExpectedConditions$10.apply(ExpectedConditions.java:287)
	at org.openqa.selenium.support.ui.ExpectedConditions$10.apply(ExpectedConditions.java:284)
	at org.openqa.selenium.support.ui.FluentWait.until(FluentWait.java:208)
	... 32 more
]]>
            </full-stacktrace>
          </exception> <!-- org.openqa.selenium.TimeoutException -->
          <reporter-output>
          </reporter-output>
        </test-method> <!-- assertLogo -->
        <test-method status="PASS" signature="testChangeName(java.lang.String)[pri:0, instance:testsWithTestNG.ChangeNameTest@3a565084]" name="testChangeName" duration-ms="1766" started-at="2017-12-18T10:58:42Z" data-provider="ChangeName" depends-on-methods="testsWithTestNG.LoginTest.testLogin" finished-at="2017-12-18T10:58:44Z">
          <params>
            <param index="0">
              <value>
                <![CDATA[fxmvtlkav]]>
              </value>
            </param>
          </params>
          <reporter-output>
          </reporter-output>
        </test-method> <!-- testChangeName -->
        <test-method status="PASS" signature="baseAfterClass()[pri:0, instance:testsWithTestNG.ChangeNameTest@3a565084]" name="baseAfterClass" is-config="true" duration-ms="728" started-at="2017-12-18T10:58:44Z" finished-at="2017-12-18T10:58:45Z">
          <reporter-output>
          </reporter-output>
        </test-method> <!-- baseAfterClass -->
      </class> <!-- testsWithTestNG.ChangeNameTest -->
    </test> <!-- Command line test -->
  </suite> <!-- Command line suite -->
</testng-results>
